  [4;36;1mSQL (0.3ms)[0m   [0;1m SELECT name
 FROM sqlite_master
 WHERE type = 'table' AND NOT name = 'sqlite_sequence'
[0m
  [4;35;1mSQL (0.2ms)[0m   [0mselect sqlite_version(*)[0m
  [4;36;1mSQL (1.1ms)[0m   [0;1mCREATE TABLE "schema_migrations" ("version" varchar(255) NOT NULL) [0m
  [4;35;1mSQL (0.1ms)[0m   [0mPRAGMA index_list("schema_migrations")[0m
  [4;36;1mSQL (1.8ms)[0m   [0;1mCREATE UNIQUE INDEX "unique_schema_migrations" ON "schema_migrations" ("version")[0m
  [4;35;1mSQL (0.2ms)[0m   [0m SELECT name
 FROM sqlite_master
 WHERE type = 'table' AND NOT name = 'sqlite_sequence'
[0m
  [4;36;1mSQL (0.1ms)[0m   [0;1mSELECT version FROM schema_migrations[0m
Migrating to CreateFoos (20130628134200)
  [4;35;1mSQL (0.4ms)[0m   [0mCREATE TABLE "foos" ("id" INTEGER PRIMARY KEY AUTOINCREMENT NOT NULL, "created_at" datetime, "updated_at" datetime) [0m
  [4;36;1mSQL (0.1ms)[0m   [0;1mINSERT INTO schema_migrations (version) VALUES ('20130628134200')[0m
  [4;35;1mSQL (0.2ms)[0m   [0m SELECT name
 FROM sqlite_master
 WHERE type = 'table' AND NOT name = 'sqlite_sequence'
[0m
  [4;36;1mSQL (0.1ms)[0m   [0;1mSELECT version FROM schema_migrations[0m
  [4;35;1mSQL (0.1ms)[0m   [0m SELECT name
 FROM sqlite_master
 WHERE type = 'table' AND NOT name = 'sqlite_sequence'
[0m
  [4;36;1mSQL (0.0ms)[0m   [0;1mPRAGMA index_list("foos")[0m
  [4;36;1mSQL (0.4ms)[0m   [0;1m SELECT name
 FROM sqlite_master
 WHERE type = 'table' AND NOT name = 'sqlite_sequence'
[0m
  [4;35;1mSQL (0.1ms)[0m   [0mSELECT version FROM schema_migrations[0m
Migrating to CreateFoos (20130628134200)
Migrating to MakeFooParanoid (20130628135711)
  [4;36;1mSQL (0.0ms)[0m   [0;1mselect sqlite_version(*)[0m
  [4;35;1mSQL (0.4ms)[0m   [0mALTER TABLE "foos" ADD "deleted_at" datetime[0m
  [4;36;1mSQL (0.1ms)[0m   [0;1mINSERT INTO schema_migrations (version) VALUES ('20130628135711')[0m
  [4;35;1mSQL (0.2ms)[0m   [0m SELECT name
 FROM sqlite_master
 WHERE type = 'table' AND NOT name = 'sqlite_sequence'
[0m
  [4;36;1mSQL (0.1ms)[0m   [0;1mSELECT version FROM schema_migrations[0m
  [4;35;1mSQL (0.1ms)[0m   [0m SELECT name
 FROM sqlite_master
 WHERE type = 'table' AND NOT name = 'sqlite_sequence'
[0m
  [4;36;1mSQL (0.0ms)[0m   [0;1mPRAGMA index_list("foos")[0m
  [4;36;1mFoo Create (0.3ms)[0m   [0;1mINSERT INTO "foos" ("created_at", "updated_at", "deleted_at") VALUES('2013-06-28 13:59:13', '2013-06-28 13:59:13', NULL)[0m
  [4;35;1mFoo Create (0.6ms)[0m   [0mINSERT INTO "foos" ("created_at", "updated_at", "deleted_at") VALUES('2013-06-28 13:59:18', '2013-06-28 13:59:18', NULL)[0m
  [4;36;1mFoo Create (0.4ms)[0m   [0;1mINSERT INTO "foos" ("created_at", "updated_at", "deleted_at") VALUES('2013-06-28 13:59:21', '2013-06-28 13:59:21', NULL)[0m
  [4;35;1mFoo Load (0.2ms)[0m   [0mSELECT * FROM "foos" WHERE (foos.deleted_at IS NULL OR foos.deleted_at > '2013-06-28 13:59:43') LIMIT 1[0m
  [4;36;1mFoo Update (0.4ms)[0m   [0;1mUPDATE "foos" SET deleted_at = '2013-06-28 13:59:47' WHERE (id = 1) [0m
  [4;35;1mFoo Load (0.2ms)[0m   [0mSELECT * FROM "foos" WHERE (foos.deleted_at IS NULL OR foos.deleted_at > '2013-06-28 13:59:52') LIMIT 1[0m
  [4;36;1mFoo Load (0.2ms)[0m   [0;1mSELECT * FROM "foos" WHERE ("foos"."id" = 1) AND (foos.deleted_at IS NULL OR foos.deleted_at > '2013-06-28 14:00:20') [0m
  [4;35;1mFoo Load (0.3ms)[0m   [0mSELECT * FROM "foos" WHERE ("foos"."id" = 1) [0m
  [4;36;1mFoo Load (0.3ms)[0m   [0;1mSELECT * FROM "foos" WHERE ("foos"."id" = 1) [0m
  [4;35;1mFoo Update (0.3ms)[0m   [0mUPDATE "foos" SET "deleted_at" = NULL, "updated_at" = '2013-06-28 14:02:48' WHERE "id" = 1[0m
  [4;36;1mFoo Load (0.3ms)[0m   [0;1mSELECT * FROM "foos" WHERE ("foos"."id" = 1) AND (foos.deleted_at IS NULL OR foos.deleted_at > '2013-06-28 14:02:52') [0m
  [4;35;1mFoo Load (0.2ms)[0m   [0mSELECT * FROM "foos" WHERE (foos.deleted_at IS NULL OR foos.deleted_at > '2013-06-28 14:03:00') LIMIT 1[0m
  [4;36;1mFoo Load (0.4ms)[0m   [0;1mSELECT * FROM "foos" WHERE (foos.deleted_at IS NULL OR foos.deleted_at > '2013-06-28 15:08:48') [0m
  [4;35;1mFoo Load (0.4ms)[0m   [0mSELECT * FROM "foos" WHERE (foos.deleted_at IS NULL OR foos.deleted_at > '2013-06-28 15:09:03') LIMIT 1[0m
  [4;36;1mFoo Update (0.4ms)[0m   [0;1mUPDATE "foos" SET deleted_at = '2013-06-28 15:09:17' WHERE (id = 1) [0m
  [4;35;1mFoo Load (0.5ms)[0m   [0mSELECT * FROM "foos" WHERE (foos.deleted_at IS NULL OR foos.deleted_at > '2013-06-28 15:09:29') [0m
  [4;36;1mFoo Load (0.3ms)[0m   [0;1mSELECT * FROM "foos" WHERE ("foos"."id" = 1) AND (foos.deleted_at IS NULL OR foos.deleted_at > '2013-06-28 15:09:40') [0m
  [4;35;1mFoo Load (0.2ms)[0m   [0mSELECT * FROM "foos" WHERE ("foos"."id" = 1) [0m
  [4;36;1mFoo Load (0.3ms)[0m   [0;1mSELECT * FROM "foos" WHERE ("foos"."id" = 1) [0m
  [4;35;1mFoo Update (0.6ms)[0m   [0mUPDATE "foos" SET "deleted_at" = NULL, "updated_at" = '2013-06-28 15:10:49' WHERE "id" = 1[0m
  [4;36;1mFoo Load (0.6ms)[0m   [0;1mSELECT * FROM "foos" WHERE (foos.deleted_at IS NULL OR foos.deleted_at > '2013-06-28 15:10:52') [0m
  [4;35;1mFoo Destroy (0.7ms)[0m   [0mDELETE FROM "foos" WHERE "id" = 1[0m
  [4;36;1mFoo Load (0.3ms)[0m   [0;1mSELECT * FROM "foos" WHERE ("foos"."id" = 1) [0m
  [4;35;1mFoo Load (0.2ms)[0m   [0mSELECT * FROM "foos" WHERE ("foos"."id" = 3) [0m
